   1               		.file	"pamiec_ram.c"
   2               	__SP_H__ = 0x3e
   3               	__SP_L__ = 0x3d
   4               	__SREG__ = 0x3f
   5               	__RAMPZ__ = 0x3b
   6               	__tmp_reg__ = 0
   7               	__zero_reg__ = 1
   8               		.text
   9               	.Ltext0:
  10               		.cfi_sections	.debug_frame
  11               		.comm	tekst_wysylanego_smsa,161,1
  12               		.comm	wysylany_blok_SIM900,400,1
  13               	.Letext0:
  14               		.file 1 "pamiec_ram.h"
  15               		.file 2 "pamiec_ram.c"
  16               		.file 3 "narzedzia.h"
DEFINED SYMBOLS
                            *ABS*:0000000000000000 pamiec_ram.c
/var/folders/6z/r258d_ld7nl6hm6r8km5x35c0000gn/T//ccQ0K6lG.s:2      *ABS*:000000000000003e __SP_H__
/var/folders/6z/r258d_ld7nl6hm6r8km5x35c0000gn/T//ccQ0K6lG.s:3      *ABS*:000000000000003d __SP_L__
/var/folders/6z/r258d_ld7nl6hm6r8km5x35c0000gn/T//ccQ0K6lG.s:4      *ABS*:000000000000003f __SREG__
/var/folders/6z/r258d_ld7nl6hm6r8km5x35c0000gn/T//ccQ0K6lG.s:5      *ABS*:000000000000003b __RAMPZ__
/var/folders/6z/r258d_ld7nl6hm6r8km5x35c0000gn/T//ccQ0K6lG.s:6      *ABS*:0000000000000000 __tmp_reg__
/var/folders/6z/r258d_ld7nl6hm6r8km5x35c0000gn/T//ccQ0K6lG.s:7      *ABS*:0000000000000001 __zero_reg__
                            *COM*:00000000000000a1 tekst_wysylanego_smsa
                            *COM*:0000000000000190 wysylany_blok_SIM900

UNDEFINED SYMBOLS
__do_clear_bss
